Configuring gloss-juicy-0.2.2...
Building gloss-juicy-0.2.2...
Preprocessing library gloss-juicy-0.2.2...
[1 of 1] Compiling Graphics.Gloss.Juicy ( Graphics\Gloss\Juicy.hs, .stack-work\dist\ca59d0ab\build\Graphics\Gloss\Juicy.o )

Graphics\Gloss\Juicy.hs:30:1: warning: [-Wincomplete-patterns]
    Pattern match(es) are non-exhaustive
    In an equation for `fromDynamicImage':
        Patterns not matched:
            (ImageY16 _)
            (ImageYA16 _)
            (ImageRGB16 _)
            (ImageRGBA16 _)
            ...

Graphics\Gloss\Juicy.hs:40:70: warning: [-Wname-shadowing]
    This binding for `id' shadows the existing binding
      imported from `Prelude' at Graphics\Gloss\Juicy.hs:1:8-27
      (and originally defined in `GHC.Base')
Preprocessing executable 'gloss-juicy-viewer' for gloss-juicy-0.2.2...
[1 of 2] Compiling Graphics.Gloss.Juicy ( Graphics\Gloss\Juicy.hs, .stack-work\dist\ca59d0ab\build\gloss-juicy-viewer\gloss-juicy-viewer-tmp\Graphics\Gloss\Juicy.o )

Graphics\Gloss\Juicy.hs:30:1: warning: [-Wincomplete-patterns]
    Pattern match(es) are non-exhaustive
    In an equation for `fromDynamicImage':
        Patterns not matched:
            (ImageY16 _)
            (ImageYA16 _)
            (ImageRGB16 _)
            (ImageRGBA16 _)
            ...

Graphics\Gloss\Juicy.hs:40:70: warning: [-Wname-shadowing]
    This binding for `id' shadows the existing binding
      imported from `Prelude' at Graphics\Gloss\Juicy.hs:1:8-27
      (and originally defined in `GHC.Base')
[2 of 2] Compiling Main             ( gloss-juicy.hs, .stack-work\dist\ca59d0ab\build\gloss-juicy-viewer\gloss-juicy-viewer-tmp\Main.o )

gloss-juicy.hs:9:1: warning: [-Wtabs]
    Tab character found here, and in five further locations.
    Please use spaces instead.
Linking .stack-work\dist\ca59d0ab\build\gloss-juicy-viewer\gloss-juicy-viewer.exe ...
Installing library in
C:\Users\uros.poznan\Desktop\empty-gloss-game-project\.stack-work\install\22a81968\lib\x86_64-windows-ghc-8.0.2\gloss-juicy-0.2.2-BjcwtPSfHt1HGYiOTiDZ6y
Installing executable(s) in
C:\Users\uros.poznan\Desktop\empty-gloss-game-project\.stack-work\install\22a81968\bin
Registering gloss-juicy-0.2.2...
